0 info it worked if it ends with ok
1 verbose cli [ 'node', '/usr/local/bin/npm', 'install' ]
2 info using npm@1.4.28
3 info using node@v0.10.35
4 verbose readDependencies using package.json deps
5 verbose install where, deps [ '/Users/neilbedi/Dev/lyst/lyst',
5 verbose install   [ 'body-parser',
5 verbose install     'cookie-parser',
5 verbose install     'debug',
5 verbose install     'express',
5 verbose install     'jade',
5 verbose install     'morgan',
5 verbose install     'serve-favicon' ] ]
6 info preinstall lyst@0.0.0
7 verbose readDependencies using package.json deps
8 verbose cache add [ 'body-parser@~1.13.2', null ]
9 verbose cache add name=undefined spec="body-parser@~1.13.2" args=["body-parser@~1.13.2",null]
10 verbose parsed url { protocol: null,
10 verbose parsed url   slashes: null,
10 verbose parsed url   auth: null,
10 verbose parsed url   host: null,
10 verbose parsed url   port: null,
10 verbose parsed url   hostname: null,
10 verbose parsed url   hash: null,
10 verbose parsed url   search: null,
10 verbose parsed url   query: null,
10 verbose parsed url   pathname: 'body-parser@~1.13.2',
10 verbose parsed url   path: 'body-parser@~1.13.2',
10 verbose parsed url   href: 'body-parser@~1.13.2' }
11 verbose cache add [ 'cookie-parser@~1.3.5', null ]
12 verbose cache add name=undefined spec="cookie-parser@~1.3.5" args=["cookie-parser@~1.3.5",null]
13 verbose parsed url { protocol: null,
13 verbose parsed url   slashes: null,
13 verbose parsed url   auth: null,
13 verbose parsed url   host: null,
13 verbose parsed url   port: null,
13 verbose parsed url   hostname: null,
13 verbose parsed url   hash: null,
13 verbose parsed url   search: null,
13 verbose parsed url   query: null,
13 verbose parsed url   pathname: 'cookie-parser@~1.3.5',
13 verbose parsed url   path: 'cookie-parser@~1.3.5',
13 verbose parsed url   href: 'cookie-parser@~1.3.5' }
14 verbose cache add [ 'debug@~2.2.0', null ]
15 verbose cache add name=undefined spec="debug@~2.2.0" args=["debug@~2.2.0",null]
16 verbose parsed url { protocol: null,
16 verbose parsed url   slashes: null,
16 verbose parsed url   auth: null,
16 verbose parsed url   host: null,
16 verbose parsed url   port: null,
16 verbose parsed url   hostname: null,
16 verbose parsed url   hash: null,
16 verbose parsed url   search: null,
16 verbose parsed url   query: null,
16 verbose parsed url   pathname: 'debug@~2.2.0',
16 verbose parsed url   path: 'debug@~2.2.0',
16 verbose parsed url   href: 'debug@~2.2.0' }
17 verbose cache add [ 'express@~4.13.1', null ]
18 verbose cache add name=undefined spec="express@~4.13.1" args=["express@~4.13.1",null]
19 verbose parsed url { protocol: null,
19 verbose parsed url   slashes: null,
19 verbose parsed url   auth: null,
19 verbose parsed url   host: null,
19 verbose parsed url   port: null,
19 verbose parsed url   hostname: null,
19 verbose parsed url   hash: null,
19 verbose parsed url   search: null,
19 verbose parsed url   query: null,
19 verbose parsed url   pathname: 'express@~4.13.1',
19 verbose parsed url   path: 'express@~4.13.1',
19 verbose parsed url   href: 'express@~4.13.1' }
20 verbose cache add name="body-parser" spec="~1.13.2" args=["body-parser","~1.13.2"]
21 verbose parsed url { protocol: null,
21 verbose parsed url   slashes: null,
21 verbose parsed url   auth: null,
21 verbose parsed url   host: null,
21 verbose parsed url   port: null,
21 verbose parsed url   hostname: null,
21 verbose parsed url   hash: null,
21 verbose parsed url   search: null,
21 verbose parsed url   query: null,
21 verbose parsed url   pathname: '~1.13.2',
21 verbose parsed url   path: '~1.13.2',
21 verbose parsed url   href: '~1.13.2' }
22 verbose addNamed [ 'body-parser', '~1.13.2' ]
23 verbose addNamed [ null, '>=1.13.2-0 <1.14.0-0' ]
24 verbose cache add name="cookie-parser" spec="~1.3.5" args=["cookie-parser","~1.3.5"]
25 verbose parsed url { protocol: null,
25 verbose parsed url   slashes: null,
25 verbose parsed url   auth: null,
25 verbose parsed url   host: null,
25 verbose parsed url   port: null,
25 verbose parsed url   hostname: null,
25 verbose parsed url   hash: null,
25 verbose parsed url   search: null,
25 verbose parsed url   query: null,
25 verbose parsed url   pathname: '~1.3.5',
25 verbose parsed url   path: '~1.3.5',
25 verbose parsed url   href: '~1.3.5' }
26 verbose addNamed [ 'cookie-parser', '~1.3.5' ]
27 verbose addNamed [ null, '>=1.3.5-0 <1.4.0-0' ]
28 verbose cache add name="debug" spec="~2.2.0" args=["debug","~2.2.0"]
29 verbose parsed url { protocol: null,
29 verbose parsed url   slashes: null,
29 verbose parsed url   auth: null,
29 verbose parsed url   host: null,
29 verbose parsed url   port: null,
29 verbose parsed url   hostname: null,
29 verbose parsed url   hash: null,
29 verbose parsed url   search: null,
29 verbose parsed url   query: null,
29 verbose parsed url   pathname: '~2.2.0',
29 verbose parsed url   path: '~2.2.0',
29 verbose parsed url   href: '~2.2.0' }
30 verbose addNamed [ 'debug', '~2.2.0' ]
31 verbose addNamed [ null, '>=2.2.0-0 <2.3.0-0' ]
32 verbose cache add [ 'jade@~1.11.0', null ]
33 verbose cache add name=undefined spec="jade@~1.11.0" args=["jade@~1.11.0",null]
34 verbose parsed url { protocol: null,
34 verbose parsed url   slashes: null,
34 verbose parsed url   auth: null,
34 verbose parsed url   host: null,
34 verbose parsed url   port: null,
34 verbose parsed url   hostname: null,
34 verbose parsed url   hash: null,
34 verbose parsed url   search: null,
34 verbose parsed url   query: null,
34 verbose parsed url   pathname: 'jade@~1.11.0',
34 verbose parsed url   path: 'jade@~1.11.0',
34 verbose parsed url   href: 'jade@~1.11.0' }
35 verbose cache add [ 'morgan@~1.6.1', null ]
36 verbose cache add name=undefined spec="morgan@~1.6.1" args=["morgan@~1.6.1",null]
37 verbose parsed url { protocol: null,
37 verbose parsed url   slashes: null,
37 verbose parsed url   auth: null,
37 verbose parsed url   host: null,
37 verbose parsed url   port: null,
37 verbose parsed url   hostname: null,
37 verbose parsed url   hash: null,
37 verbose parsed url   search: null,
37 verbose parsed url   query: null,
37 verbose parsed url   pathname: 'morgan@~1.6.1',
37 verbose parsed url   path: 'morgan@~1.6.1',
37 verbose parsed url   href: 'morgan@~1.6.1' }
38 verbose cache add name="express" spec="~4.13.1" args=["express","~4.13.1"]
39 verbose parsed url { protocol: null,
39 verbose parsed url   slashes: null,
39 verbose parsed url   auth: null,
39 verbose parsed url   host: null,
39 verbose parsed url   port: null,
39 verbose parsed url   hostname: null,
39 verbose parsed url   hash: null,
39 verbose parsed url   search: null,
39 verbose parsed url   query: null,
39 verbose parsed url   pathname: '~4.13.1',
39 verbose parsed url   path: '~4.13.1',
39 verbose parsed url   href: '~4.13.1' }
40 verbose addNamed [ 'express', '~4.13.1' ]
41 verbose addNamed [ null, '>=4.13.1-0 <4.14.0-0' ]
42 silly lockFile 084551bf-body-parser-1-13-2 body-parser@~1.13.2
43 verbose lock body-parser@~1.13.2 /Users/neilbedi/.npm/084551bf-body-parser-1-13-2.lock
44 silly lockFile 34d2ac1d-cookie-parser-1-3-5 cookie-parser@~1.3.5
45 verbose lock cookie-parser@~1.3.5 /Users/neilbedi/.npm/34d2ac1d-cookie-parser-1-3-5.lock
46 silly lockFile 7986b842-debug-2-2-0 debug@~2.2.0
47 verbose lock debug@~2.2.0 /Users/neilbedi/.npm/7986b842-debug-2-2-0.lock
48 silly lockFile 0f2aa542-express-4-13-1 express@~4.13.1
49 verbose lock express@~4.13.1 /Users/neilbedi/.npm/0f2aa542-express-4-13-1.lock
50 verbose cache add name="jade" spec="~1.11.0" args=["jade","~1.11.0"]
51 verbose parsed url { protocol: null,
51 verbose parsed url   slashes: null,
51 verbose parsed url   auth: null,
51 verbose parsed url   host: null,
51 verbose parsed url   port: null,
51 verbose parsed url   hostname: null,
51 verbose parsed url   hash: null,
51 verbose parsed url   search: null,
51 verbose parsed url   query: null,
51 verbose parsed url   pathname: '~1.11.0',
51 verbose parsed url   path: '~1.11.0',
51 verbose parsed url   href: '~1.11.0' }
52 verbose addNamed [ 'jade', '~1.11.0' ]
53 verbose addNamed [ null, '>=1.11.0-0 <1.12.0-0' ]
54 silly lockFile 963bf43e-jade-1-11-0 jade@~1.11.0
55 verbose lock jade@~1.11.0 /Users/neilbedi/.npm/963bf43e-jade-1-11-0.lock
56 verbose cache add [ 'serve-favicon@~2.3.0', null ]
57 verbose cache add name=undefined spec="serve-favicon@~2.3.0" args=["serve-favicon@~2.3.0",null]
58 verbose parsed url { protocol: null,
58 verbose parsed url   slashes: null,
58 verbose parsed url   auth: null,
58 verbose parsed url   host: null,
58 verbose parsed url   port: null,
58 verbose parsed url   hostname: null,
58 verbose parsed url   hash: null,
58 verbose parsed url   search: null,
58 verbose parsed url   query: null,
58 verbose parsed url   pathname: 'serve-favicon@~2.3.0',
58 verbose parsed url   path: 'serve-favicon@~2.3.0',
58 verbose parsed url   href: 'serve-favicon@~2.3.0' }
59 verbose cache add name="morgan" spec="~1.6.1" args=["morgan","~1.6.1"]
60 verbose parsed url { protocol: null,
60 verbose parsed url   slashes: null,
60 verbose parsed url   auth: null,
60 verbose parsed url   host: null,
60 verbose parsed url   port: null,
60 verbose parsed url   hostname: null,
60 verbose parsed url   hash: null,
60 verbose parsed url   search: null,
60 verbose parsed url   query: null,
60 verbose parsed url   pathname: '~1.6.1',
60 verbose parsed url   path: '~1.6.1',
60 verbose parsed url   href: '~1.6.1' }
61 verbose addNamed [ 'morgan', '~1.6.1' ]
62 verbose addNamed [ null, '>=1.6.1-0 <1.7.0-0' ]
63 silly lockFile 2ae14c84-morgan-1-6-1 morgan@~1.6.1
64 verbose lock morgan@~1.6.1 /Users/neilbedi/.npm/2ae14c84-morgan-1-6-1.lock
65 verbose cache add name="serve-favicon" spec="~2.3.0" args=["serve-favicon","~2.3.0"]
66 verbose parsed url { protocol: null,
66 verbose parsed url   slashes: null,
66 verbose parsed url   auth: null,
66 verbose parsed url   host: null,
66 verbose parsed url   port: null,
66 verbose parsed url   hostname: null,
66 verbose parsed url   hash: null,
66 verbose parsed url   search: null,
66 verbose parsed url   query: null,
66 verbose parsed url   pathname: '~2.3.0',
66 verbose parsed url   path: '~2.3.0',
66 verbose parsed url   href: '~2.3.0' }
67 verbose addNamed [ 'serve-favicon', '~2.3.0' ]
68 verbose addNamed [ null, '>=2.3.0-0 <2.4.0-0' ]
69 silly lockFile 6f0b849e-serve-favicon-2-3-0 serve-favicon@~2.3.0
70 verbose lock serve-favicon@~2.3.0 /Users/neilbedi/.npm/6f0b849e-serve-favicon-2-3-0.lock
71 silly addNameRange { name: 'body-parser',
71 silly addNameRange   range: '>=1.13.2-0 <1.14.0-0',
71 silly addNameRange   hasData: false }
72 silly addNameRange { name: 'cookie-parser',
72 silly addNameRange   range: '>=1.3.5-0 <1.4.0-0',
72 silly addNameRange   hasData: false }
73 silly addNameRange { name: 'express',
73 silly addNameRange   range: '>=4.13.1-0 <4.14.0-0',
73 silly addNameRange   hasData: false }
74 silly addNameRange { name: 'debug', range: '>=2.2.0-0 <2.3.0-0', hasData: false }
75 silly addNameRange { name: 'jade', range: '>=1.11.0-0 <1.12.0-0', hasData: false }
76 silly addNameRange { name: 'morgan', range: '>=1.6.1-0 <1.7.0-0', hasData: false }
77 silly addNameRange { name: 'serve-favicon',
77 silly addNameRange   range: '>=2.3.0-0 <2.4.0-0',
77 silly addNameRange   hasData: false }
78 verbose request where is /cookie-parser
79 verbose request registry https://registry.npmjs.org/
80 verbose request id 3f06a3d2e24eef25
81 verbose url raw /cookie-parser
82 verbose url resolving [ 'https://registry.npmjs.org/', './cookie-parser' ]
83 verbose url resolved https://registry.npmjs.org/cookie-parser
84 verbose request where is https://registry.npmjs.org/cookie-parser
85 info trying registry request attempt 1 at 21:12:15
86 verbose etag "CV9BVYAHFMTHCAIT3Z3TNUF41"
87 http GET https://registry.npmjs.org/cookie-parser
88 verbose request where is /debug
89 verbose request registry https://registry.npmjs.org/
90 verbose url raw /debug
91 verbose url resolving [ 'https://registry.npmjs.org/', './debug' ]
92 verbose url resolved https://registry.npmjs.org/debug
93 verbose request where is https://registry.npmjs.org/debug
94 info trying registry request attempt 1 at 21:12:15
95 verbose etag "1JX0I0T47K13425CUEZTGFG1Q"
96 http GET https://registry.npmjs.org/debug
97 verbose request where is /body-parser
98 verbose request registry https://registry.npmjs.org/
99 verbose url raw /body-parser
100 verbose url resolving [ 'https://registry.npmjs.org/', './body-parser' ]
101 verbose url resolved https://registry.npmjs.org/body-parser
102 verbose request where is https://registry.npmjs.org/body-parser
103 info trying registry request attempt 1 at 21:12:15
104 verbose etag "4G98EU7AUYVB9BCPCY2CI2RYD"
105 http GET https://registry.npmjs.org/body-parser
106 verbose request where is /morgan
107 verbose request registry https://registry.npmjs.org/
108 verbose url raw /morgan
109 verbose url resolving [ 'https://registry.npmjs.org/', './morgan' ]
110 verbose url resolved https://registry.npmjs.org/morgan
111 verbose request where is https://registry.npmjs.org/morgan
112 info trying registry request attempt 1 at 21:12:15
113 verbose etag "ATERZF9JVGEOGU7A7CSOMAPGI"
114 http GET https://registry.npmjs.org/morgan
115 verbose request where is /express
116 verbose request registry https://registry.npmjs.org/
117 verbose url raw /express
118 verbose url resolving [ 'https://registry.npmjs.org/', './express' ]
119 verbose url resolved https://registry.npmjs.org/express
120 verbose request where is https://registry.npmjs.org/express
121 info trying registry request attempt 1 at 21:12:15
122 verbose etag "3LEXMSOL7UDE2V38ABA8A0HRQ"
123 http GET https://registry.npmjs.org/express
124 verbose request where is /jade
125 verbose request registry https://registry.npmjs.org/
126 verbose url raw /jade
127 verbose url resolving [ 'https://registry.npmjs.org/', './jade' ]
128 verbose url resolved https://registry.npmjs.org/jade
129 verbose request where is https://registry.npmjs.org/jade
130 info trying registry request attempt 1 at 21:12:15
131 verbose etag "BRYY6EU18THYAPN62A3U5BGL9"
132 http GET https://registry.npmjs.org/jade
133 verbose request where is /serve-favicon
134 verbose request registry https://registry.npmjs.org/
135 verbose url raw /serve-favicon
136 verbose url resolving [ 'https://registry.npmjs.org/', './serve-favicon' ]
137 verbose url resolved https://registry.npmjs.org/serve-favicon
138 verbose request where is https://registry.npmjs.org/serve-favicon
139 info trying registry request attempt 1 at 21:12:15
140 verbose etag "E5BSLOF3LLVN5Z1U3UXYTQLI9"
141 http GET https://registry.npmjs.org/serve-favicon
142 http 304 https://registry.npmjs.org/express
143 silly registry.get cb [ 304,
143 silly registry.get   { date: 'Wed, 22 Jul 2015 01:12:16 GMT',
143 silly registry.get     via: '1.1 varnish',
143 silly registry.get     'cache-control': 'max-age=60',
143 silly registry.get     etag: '"3LEXMSOL7UDE2V38ABA8A0HRQ"',
143 silly registry.get     age: '60',
143 silly registry.get     connection: 'keep-alive',
143 silly registry.get     'x-served-by': 'cache-jfk1030-JFK',
143 silly registry.get     'x-cache': 'HIT',
143 silly registry.get     'x-cache-hits': '1',
143 silly registry.get     'x-timer': 'S1437527536.540108,VS0,VE4',
143 silly registry.get     vary: 'Accept' } ]
144 verbose etag https://registry.npmjs.org/express from cache
145 http 304 https://registry.npmjs.org/debug
146 silly registry.get cb [ 304,
146 silly registry.get   { date: 'Wed, 22 Jul 2015 01:12:16 GMT',
146 silly registry.get     via: '1.1 varnish',
146 silly registry.get     'cache-control': 'max-age=60',
146 silly registry.get     etag: '"1JX0I0T47K13425CUEZTGFG1Q"',
146 silly registry.get     age: '58',
146 silly registry.get     connection: 'keep-alive',
146 silly registry.get     'x-served-by': 'cache-jfk1026-JFK',
146 silly registry.get     'x-cache': 'HIT',
146 silly registry.get     'x-cache-hits': '5',
146 silly registry.get     'x-timer': 'S1437527536.554276,VS0,VE0',
146 silly registry.get     vary: 'Accept' } ]
147 verbose etag https://registry.npmjs.org/debug from cache
148 http 200 https://registry.npmjs.org/cookie-parser
149 silly registry.get cb [ 200,
149 silly registry.get   { server: 'CouchDB/1.5.0 (Erlang OTP/R16B03)',
149 silly registry.get     etag: '"58GQYHMUVHL3OFY6N93N1TSPD"',
149 silly registry.get     'content-type': 'application/json',
149 silly registry.get     'cache-control': 'max-age=60',
149 silly registry.get     'content-length': '17328',
149 silly registry.get     'accept-ranges': 'bytes',
149 silly registry.get     date: 'Wed, 22 Jul 2015 01:12:16 GMT',
149 silly registry.get     via: '1.1 varnish',
149 silly registry.get     age: '32',
149 silly registry.get     connection: 'keep-alive',
149 silly registry.get     'x-served-by': 'cache-jfk1035-JFK',
149 silly registry.get     'x-cache': 'HIT',
149 silly registry.get     'x-cache-hits': '2',
149 silly registry.get     'x-timer': 'S1437527536.548917,VS0,VE0',
149 silly registry.get     vary: 'Accept' } ]
150 silly addNameRange number 2 { name: 'express', range: '>=4.13.1-0 <4.14.0-0', hasData: true }
151 silly addNameRange versions [ 'express',
151 silly addNameRange   [ '0.14.0',
151 silly addNameRange     '0.14.1',
151 silly addNameRange     '1.0.0',
151 silly addNameRange     '1.0.1',
151 silly addNameRange     '1.0.2',
151 silly addNameRange     '1.0.3',
151 silly addNameRange     '1.0.4',
151 silly addNameRange     '1.0.5',
151 silly addNameRange     '1.0.6',
151 silly addNameRange     '1.0.7',
151 silly addNameRange     '1.0.8',
151 silly addNameRange     '2.0.0',
151 silly addNameRange     '2.1.0',
151 silly addNameRange     '2.1.1',
151 silly addNameRange     '2.2.0',
151 silly addNameRange     '2.2.1',
151 silly addNameRange     '2.2.2',
151 silly addNameRange     '2.3.0',
151 silly addNameRange     '2.3.1',
151 silly addNameRange     '2.3.2',
151 silly addNameRange     '2.3.3',
151 silly addNameRange     '2.3.4',
151 silly addNameRange     '2.3.5',
151 silly addNameRange     '2.3.6',
151 silly addNameRange     '2.3.7',
151 silly addNameRange     '2.3.8',
151 silly addNameRange     '2.3.9',
151 silly addNameRange     '2.3.10',
151 silly addNameRange     '2.3.11',
151 silly addNameRange     '2.3.12',
151 silly addNameRange     '2.4.0',
151 silly addNameRange     '2.4.1',
151 silly addNameRange     '2.4.2',
151 silly addNameRange     '2.4.3',
151 silly addNameRange     '2.4.4',
151 silly addNameRange     '2.4.5',
151 silly addNameRange     '2.4.6',
151 silly addNameRange     '2.4.7',
151 silly addNameRange     '2.5.0',
151 silly addNameRange     '2.5.1',
151 silly addNameRange     '2.5.2',
151 silly addNameRange     '2.5.3',
151 silly addNameRange     '2.5.4',
151 silly addNameRange     '2.5.5',
151 silly addNameRange     '2.5.6',
151 silly addNameRange     '2.5.7',
151 silly addNameRange     '2.5.8',
151 silly addNameRange     '2.5.9',
151 silly addNameRange     '2.5.10',
151 silly addNameRange     '2.5.11',
151 silly addNameRange     '3.0.0',
151 silly addNameRange     '3.0.1',
151 silly addNameRange     '3.0.2',
151 silly addNameRange     '3.0.3',
151 silly addNameRange     '3.0.4',
151 silly addNameRange     '3.0.5',
151 silly addNameRange     '3.0.6',
151 silly addNameRange     '3.1.0',
151 silly addNameRange     '3.1.1',
151 silly addNameRange     '3.1.2',
151 silly addNameRange     '3.2.0',
151 silly addNameRange     '3.2.1',
151 silly addNameRange     '3.2.2',
151 silly addNameRange     '3.2.3',
151 silly addNameRange     '3.2.4',
151 silly addNameRange     '3.2.5',
151 silly addNameRange     '3.2.6',
151 silly addNameRange     '3.3.0',
151 silly addNameRange     '3.3.1',
151 silly addNameRange     '3.3.2',
151 silly addNameRange     '3.3.3',
151 silly addNameRange     '3.3.4',
151 silly addNameRange     '3.3.5',
151 silly addNameRange     '3.3.6',
151 silly addNameRange     '1.0.0-beta',
151 silly addNameRange     '1.0.0-beta2',
151 silly addNameRange     '1.0.0-rc',
151 silly addNameRange     '1.0.0-rc2',
151 silly addNameRange     '1.0.0-rc3',
151 silly addNameRange     '1.0.0-rc4',
151 silly addNameRange     '2.0.0-beta',
151 silly addNameRange     '2.0.0-beta2',
151 silly addNameRange     '2.0.0-beta3',
151 silly addNameRange     '2.0.0-rc',
151 silly addNameRange     '2.0.0-rc2',
151 silly addNameRange     '2.0.0-rc3',
151 silly addNameRange     '3.0.0-alpha1',
151 silly addNameRange     '3.0.0-alpha2',
151 silly addNameRange     '3.0.0-alpha3',
151 silly addNameRange     '3.0.0-alpha4',
151 silly addNameRange     '3.0.0-alpha5',
151 silly addNameRange     '3.0.0-beta1',
151 silly addNameRange     '3.0.0-beta2',
151 silly addNameRange     '3.0.0-beta3',
151 silly addNameRange     '3.0.0-beta4',
151 silly addNameRange     '3.0.0-beta6',
151 silly addNameRange     '3.0.0-beta7',
151 silly addNameRange     '3.0.0-rc1',
151 silly addNameRange     '3.0.0-rc2',
151 silly addNameRange     '3.0.0-rc3',
151 silly addNameRange     '3.0.0-rc4',
151 silly addNameRange     '3.0.0-rc5',
151 silly addNameRange     '3.3.7',
151 silly addNameRange     '3.3.8',
151 silly addNameRange     '3.4.0',
151 silly addNameRange     '3.4.1',
151 silly addNameRange     '3.4.2',
151 silly addNameRange     '3.4.3',
151 silly addNameRange     '3.4.4',
151 silly addNameRange     '3.4.5',
151 silly addNameRange     '3.4.6',
151 silly addNameRange     '3.4.7',
151 silly addNameRange     '3.4.8',
151 silly addNameRange     '4.0.0-rc1',
151 silly addNameRange     '4.0.0-rc2',
151 silly addNameRange     '3.5.0',
151 silly addNameRange     '4.0.0-rc3',
151 silly addNameRange     '4.0.0-rc4',
151 silly addNameRange     '3.5.1',
151 silly addNameRange     '4.0.0',
151 silly addNameRange     '3.5.2',
151 silly addNameRange     '4.1.0',
151 silly addNameRange     '4.1.1',
151 silly addNameRange     '3.5.3',
151 silly addNameRange     '4.1.2',
151 silly addNameRange     '3.6.0',
151 silly addNameRange     '4.2.0',
151 silly addNameRange     '3.7.0',
151 silly addNameRange     '3.8.0',
151 silly addNameRange     '4.3.0',
151 silly addNameRange     '4.3.1',
151 silly addNameRange     '3.8.1',
151 silly addNameRange     '4.3.2',
151 silly addNameRange     '3.9.0',
151 silly addNameRange     '4.4.0',
151 silly addNameRange     '4.4.1',
151 silly addNameRange     '3.10.0',
151 silly addNameRange     '3.10.1',
151 silly addNameRange     '3.10.2',
151 silly addNameRange     '3.10.3',
151 silly addNameRange     '3.10.4',
151 silly addNameRange     '4.4.2',
151 silly addNameRange     '3.10.5',
151 silly addNameRange     '4.4.3',
151 silly addNameRange     '3.11.0',
151 silly addNameRange     '4.4.4',
151 silly addNameRange     '3.12.0',
151 silly addNameRange     '3.12.1',
151 silly addNameRange     '4.4.5',
151 silly addNameRange     '3.13.0',
151 silly addNameRange     '4.5.0',
151 silly addNameRange     '4.5.1',
151 silly addNameRange     '3.14.0',
151 silly addNameRange     '4.6.0',
151 silly addNameRange     '4.6.1',
151 silly addNameRange     '3.15.0',
151 silly addNameRange     '4.7.0',
151 silly addNameRange     '3.15.1',
151 silly addNameRange     '4.7.1',
151 silly addNameRange     '3.15.2',
151 silly addNameRange     '4.7.2',
151 silly addNameRange     '4.7.3',
151 silly addNameRange     '3.15.3',
151 silly addNameRange     '4.7.4',
151 silly addNameRange     '3.16.0',
151 silly addNameRange     '4.8.0',
151 silly addNameRange     '3.16.1',
151 silly addNameRange     '4.8.1',
151 silly addNameRange     '3.16.2',
151 silly addNameRange     '4.8.2',
151 silly addNameRange     '3.16.3',
151 silly addNameRange     '3.16.4',
151 silly addNameRange     '4.8.3',
151 silly addNameRange     '3.16.5',
151 silly addNameRange     '3.16.6',
151 silly addNameRange     '4.8.4',
151 silly addNameRange     '3.16.7',
151 silly addNameRange     '4.8.5',
151 silly addNameRange     '3.16.8',
151 silly addNameRange     '4.8.6',
151 silly addNameRange     '3.16.9',
151 silly addNameRange     '4.8.7',
151 silly addNameRange     '3.16.10',
151 silly addNameRange     '4.8.8',
151 silly addNameRange     '3.17.0',
151 silly addNameRange     '3.17.1',
151 silly addNameRange     '4.9.0',
151 silly addNameRange     '3.17.2',
151 silly addNameRange     '4.9.1',
151 silly addNameRange     '4.9.2',
151 silly addNameRange     '3.17.3',
151 silly addNameRange     '4.9.3',
151 silly addNameRange     '3.17.4',
151 silly addNameRange     '4.9.4',
151 silly addNameRange     '3.17.5',
151 silly addNameRange     '4.9.5',
151 silly addNameRange     '3.17.6',
151 silly addNameRange     '3.17.7',
151 silly addNameRange     '4.9.6',
151 silly addNameRange     '4.9.7',
151 silly addNameRange     '3.17.8',
151 silly addNameRange     '4.9.8',
151 silly addNameRange     '3.18.0',
151 silly addNameRange     '3.18.1',
151 silly addNameRange     '4.10.0',
151 silly addNameRange     '3.18.2',
151 silly addNameRange     '4.10.1',
151 silly addNameRange     '5.0.0-alpha.1',
151 silly addNameRange     '3.18.3',
151 silly addNameRange     '4.10.2',
151 silly addNameRange     '3.18.4',
151 silly addNameRange     '4.10.3',
151 silly addNameRange     '4.10.4',
151 silly addNameRange     '4.10.5',
151 silly addNameRange     '3.18.5',
151 silly addNameRange     '3.18.6',
151 silly addNameRange     '4.10.6',
151 silly addNameRange     '4.10.7',
151 silly addNameRange     '3.19.0',
151 silly addNameRange     '4.10.8',
151 silly addNameRange     '4.11.0',
151 silly addNameRange     '3.19.1',
151 silly addNameRange     '4.11.1',
151 silly addNameRange     '3.19.2',
151 silly addNameRange     '4.11.2',
151 silly addNameRange     '3.20.0',
151 silly addNameRange     '4.12.0',
151 silly addNameRange     '3.20.1',
151 silly addNameRange     '4.12.1',
151 silly addNameRange     '4.12.2',
151 silly addNameRange     '3.20.2',
151 silly addNameRange     '4.12.3',
151 silly addNameRange     '3.20.3',
151 silly addNameRange     '4.12.4',
151 silly addNameRange     '3.21.0',
151 silly addNameRange     '4.13.0',
151 silly addNameRange     '3.21.1',
151 silly addNameRange     '4.13.1',
151 silly addNameRange     '5.0.0-alpha.2' ] ]
152 verbose addNamed [ 'express', '4.13.1' ]
153 verbose addNamed [ '4.13.1', '4.13.1' ]
154 silly lockFile 659f1a1f-express-4-13-1 express@4.13.1
155 verbose lock express@4.13.1 /Users/neilbedi/.npm/659f1a1f-express-4-13-1.lock
156 silly addNameRange number 2 { name: 'debug', range: '>=2.2.0-0 <2.3.0-0', hasData: true }
157 silly addNameRange versions [ 'debug',
157 silly addNameRange   [ '0.0.1',
157 silly addNameRange     '0.1.0',
157 silly addNameRange     '0.2.0',
157 silly addNameRange     '0.3.0',
157 silly addNameRange     '0.4.0',
157 silly addNameRange     '0.4.1',
157 silly addNameRange     '0.5.0',
157 silly addNameRange     '0.6.0',
157 silly addNameRange     '0.7.0',
157 silly addNameRange     '0.7.1',
157 silly addNameRange     '0.7.2',
157 silly addNameRange     '0.7.3',
157 silly addNameRange     '0.7.4',
157 silly addNameRange     '0.8.0',
157 silly addNameRange     '0.8.1',
157 silly addNameRange     '1.0.0',
157 silly addNameRange     '1.0.1',
157 silly addNameRange     '1.0.2',
157 silly addNameRange     '1.0.3',
157 silly addNameRange     '1.0.4',
157 silly addNameRange     '2.0.0',
157 silly addNameRange     '2.1.0',
157 silly addNameRange     '2.1.1',
157 silly addNameRange     '2.1.2',
157 silly addNameRange     '2.1.3',
157 silly addNameRange     '2.2.0' ] ]
158 verbose addNamed [ 'debug', '2.2.0' ]
159 verbose addNamed [ '2.2.0', '2.2.0' ]
160 silly lockFile 82f99b48-debug-2-2-0 debug@2.2.0
161 verbose lock debug@2.2.0 /Users/neilbedi/.npm/82f99b48-debug-2-2-0.lock
162 silly addNameRange number 2 { name: 'cookie-parser',
162 silly addNameRange   range: '>=1.3.5-0 <1.4.0-0',
162 silly addNameRange   hasData: true }
163 silly addNameRange versions [ 'cookie-parser',
163 silly addNameRange   [ '1.0.0',
163 silly addNameRange     '1.0.1',
163 silly addNameRange     '1.1.0',
163 silly addNameRange     '1.2.0',
163 silly addNameRange     '1.3.0',
163 silly addNameRange     '1.3.1',
163 silly addNameRange     '1.3.2',
163 silly addNameRange     '1.3.3',
163 silly addNameRange     '1.3.4',
163 silly addNameRange     '1.3.5' ] ]
164 verbose addNamed [ 'cookie-parser', '1.3.5' ]
165 verbose addNamed [ '1.3.5', '1.3.5' ]
166 silly lockFile b6f1abc3-cookie-parser-1-3-5 cookie-parser@1.3.5
167 verbose lock cookie-parser@1.3.5 /Users/neilbedi/.npm/b6f1abc3-cookie-parser-1-3-5.lock
168 silly lockFile 659f1a1f-express-4-13-1 express@4.13.1
169 silly lockFile 659f1a1f-express-4-13-1 express@4.13.1
170 silly lockFile 0f2aa542-express-4-13-1 express@~4.13.1
171 silly lockFile 0f2aa542-express-4-13-1 express@~4.13.1
172 silly lockFile 4c901309-e-parser-cookie-parser-1-3-5-tgz https://registry.npmjs.org/cookie-parser/-/cookie-parser-1.3.5.tgz
173 verbose lock https://registry.npmjs.org/cookie-parser/-/cookie-parser-1.3.5.tgz /Users/neilbedi/.npm/4c901309-e-parser-cookie-parser-1-3-5-tgz.lock
174 silly lockFile 82f99b48-debug-2-2-0 debug@2.2.0
175 silly lockFile 82f99b48-debug-2-2-0 debug@2.2.0
176 silly lockFile 7986b842-debug-2-2-0 debug@~2.2.0
177 silly lockFile 7986b842-debug-2-2-0 debug@~2.2.0
178 verbose addRemoteTarball [ 'https://registry.npmjs.org/cookie-parser/-/cookie-parser-1.3.5.tgz',
178 verbose addRemoteTarball   '9d755570fb5d17890771227a02314d9be7cf8356' ]
179 info retry fetch attempt 1 at 21:12:16
180 verbose fetch to= /var/folders/b_/25b6b0dj6zvgr8gjgmg1vc3m0000gp/T/npm-5081-Cis64sdB/registry.npmjs.org/cookie-parser/-/cookie-parser-1.3.5.tgz
181 http GET https://registry.npmjs.org/cookie-parser/-/cookie-parser-1.3.5.tgz
182 http 200 https://registry.npmjs.org/morgan
183 silly registry.get cb [ 200,
183 silly registry.get   { server: 'CouchDB/1.5.0 (Erlang OTP/R16B03)',
183 silly registry.get     etag: '"7AB54BI00CHSYF5HNKDASEGDP"',
183 silly registry.get     'content-type': 'application/json',
183 silly registry.get     'cache-control': 'max-age=60',
183 silly registry.get     'content-length': '41795',
183 silly registry.get     'accept-ranges': 'bytes',
183 silly registry.get     date: 'Wed, 22 Jul 2015 01:12:16 GMT',
183 silly registry.get     via: '1.1 varnish',
183 silly registry.get     age: '33',
183 silly registry.get     connection: 'keep-alive',
183 silly registry.get     'x-served-by': 'cache-jfk1022-JFK',
183 silly registry.get     'x-cache': 'HIT',
183 silly registry.get     'x-cache-hits': '1',
183 silly registry.get     'x-timer': 'S1437527536.563068,VS0,VE1',
183 silly registry.get     vary: 'Accept' } ]
184 silly addNameRange number 2 { name: 'morgan', range: '>=1.6.1-0 <1.7.0-0', hasData: true }
185 silly addNameRange versions [ 'morgan',
185 silly addNameRange   [ '1.0.0',
185 silly addNameRange     '1.0.1',
185 silly addNameRange     '1.1.0',
185 silly addNameRange     '1.1.1',
185 silly addNameRange     '1.2.0',
185 silly addNameRange     '1.2.1',
185 silly addNameRange     '1.2.2',
185 silly addNameRange     '1.2.3',
185 silly addNameRange     '1.3.0',
185 silly addNameRange     '1.3.1',
185 silly addNameRange     '1.3.2',
185 silly addNameRange     '1.4.0',
185 silly addNameRange     '1.4.1',
185 silly addNameRange     '1.5.0',
185 silly addNameRange     '1.5.1',
185 silly addNameRange     '1.5.2',
185 silly addNameRange     '1.5.3',
185 silly addNameRange     '1.6.0',
185 silly addNameRange     '1.6.1' ] ]
186 verbose addNamed [ 'morgan', '1.6.1' ]
187 verbose addNamed [ '1.6.1', '1.6.1' ]
188 silly lockFile 4ffca82c-morgan-1-6-1 morgan@1.6.1
189 verbose lock morgan@1.6.1 /Users/neilbedi/.npm/4ffca82c-morgan-1-6-1.lock
190 silly lockFile 0ef8c228-pmjs-org-morgan-morgan-1-6-1-tgz https://registry.npmjs.org/morgan/-/morgan-1.6.1.tgz
191 verbose lock https://registry.npmjs.org/morgan/-/morgan-1.6.1.tgz /Users/neilbedi/.npm/0ef8c228-pmjs-org-morgan-morgan-1-6-1-tgz.lock
192 verbose addRemoteTarball [ 'https://registry.npmjs.org/morgan/-/morgan-1.6.1.tgz',
192 verbose addRemoteTarball   '5fd818398c6819cba28a7cd6664f292fe1c0bbf2' ]
193 info retry fetch attempt 1 at 21:12:16
194 verbose fetch to= /var/folders/b_/25b6b0dj6zvgr8gjgmg1vc3m0000gp/T/npm-5081-Cis64sdB/registry.npmjs.org/morgan/-/morgan-1.6.1.tgz
195 http GET https://registry.npmjs.org/morgan/-/morgan-1.6.1.tgz
196 http 200 https://registry.npmjs.org/serve-favicon
197 silly registry.get cb [ 200,
197 silly registry.get   { server: 'CouchDB/1.5.0 (Erlang OTP/R16B03)',
197 silly registry.get     etag: '"6MM2QXHYOE3KF41F86QY2ZYPG"',
197 silly registry.get     'content-type': 'application/json',
197 silly registry.get     'cache-control': 'max-age=60',
197 silly registry.get     'content-length': '23830',
197 silly registry.get     'accept-ranges': 'bytes',
197 silly registry.get     date: 'Wed, 22 Jul 2015 01:12:16 GMT',
197 silly registry.get     via: '1.1 varnish',
197 silly registry.get     age: '46',
197 silly registry.get     connection: 'keep-alive',
197 silly registry.get     'x-served-by': 'cache-jfk1026-JFK',
197 silly registry.get     'x-cache': 'HIT',
197 silly registry.get     'x-cache-hits': '3',
197 silly registry.get     'x-timer': 'S1437527536.596601,VS0,VE0',
197 silly registry.get     vary: 'Accept' } ]
198 silly addNameRange number 2 { name: 'serve-favicon',
198 silly addNameRange   range: '>=2.3.0-0 <2.4.0-0',
198 silly addNameRange   hasData: true }
199 silly addNameRange versions [ 'serve-favicon',
199 silly addNameRange   [ '2.0.0',
199 silly addNameRange     '2.0.1',
199 silly addNameRange     '2.1.0',
199 silly addNameRange     '2.1.1',
199 silly addNameRange     '2.1.2',
199 silly addNameRange     '2.1.3',
199 silly addNameRange     '2.1.4',
199 silly addNameRange     '2.1.5',
199 silly addNameRange     '2.1.6',
199 silly addNameRange     '2.1.7',
199 silly addNameRange     '2.2.0',
199 silly addNameRange     '2.2.1',
199 silly addNameRange     '2.3.0' ] ]
200 verbose addNamed [ 'serve-favicon', '2.3.0' ]
201 verbose addNamed [ '2.3.0', '2.3.0' ]
202 silly lockFile d210d889-serve-favicon-2-3-0 serve-favicon@2.3.0
203 verbose lock serve-favicon@2.3.0 /Users/neilbedi/.npm/d210d889-serve-favicon-2-3-0.lock
204 silly lockFile 9e8d5f8a--favicon-serve-favicon-2-3-0-tgz https://registry.npmjs.org/serve-favicon/-/serve-favicon-2.3.0.tgz
205 verbose lock https://registry.npmjs.org/serve-favicon/-/serve-favicon-2.3.0.tgz /Users/neilbedi/.npm/9e8d5f8a--favicon-serve-favicon-2-3-0-tgz.lock
206 verbose addRemoteTarball [ 'https://registry.npmjs.org/serve-favicon/-/serve-favicon-2.3.0.tgz',
206 verbose addRemoteTarball   'aed36cc6834069a6f189cc7222c6a1a811dc5b39' ]
207 info retry fetch attempt 1 at 21:12:16
208 verbose fetch to= /var/folders/b_/25b6b0dj6zvgr8gjgmg1vc3m0000gp/T/npm-5081-Cis64sdB/registry.npmjs.org/serve-favicon/-/serve-favicon-2.3.0.tgz
209 http GET https://registry.npmjs.org/serve-favicon/-/serve-favicon-2.3.0.tgz
210 http 200 https://registry.npmjs.org/body-parser
211 silly registry.get cb [ 200,
211 silly registry.get   { server: 'CouchDB/1.5.0 (Erlang OTP/R16B03)',
211 silly registry.get     etag: '"28X3Z7VO3LU8IJMP69JX69NDQ"',
211 silly registry.get     'content-type': 'application/json',
211 silly registry.get     'cache-control': 'max-age=60',
211 silly registry.get     'content-length': '103823',
211 silly registry.get     'accept-ranges': 'bytes',
211 silly registry.get     date: 'Wed, 22 Jul 2015 01:12:16 GMT',
211 silly registry.get     via: '1.1 varnish',
211 silly registry.get     age: '46',
211 silly registry.get     connection: 'keep-alive',
211 silly registry.get     'x-served-by': 'cache-jfk1033-JFK',
211 silly registry.get     'x-cache': 'HIT',
211 silly registry.get     'x-cache-hits': '2',
211 silly registry.get     'x-timer': 'S1437527536.558857,VS0,VE0',
211 silly registry.get     vary: 'Accept' } ]
212 http 200 https://registry.npmjs.org/jade
213 silly registry.get cb [ 200,
213 silly registry.get   { server: 'CouchDB/1.5.0 (Erlang OTP/R16B03)',
213 silly registry.get     etag: '"6OB3AH54VRWOQGY6A4IF4I11J"',
213 silly registry.get     'content-type': 'application/json',
213 silly registry.get     'cache-control': 'max-age=60',
213 silly registry.get     'content-length': '147478',
213 silly registry.get     'accept-ranges': 'bytes',
213 silly registry.get     date: 'Wed, 22 Jul 2015 01:12:16 GMT',
213 silly registry.get     via: '1.1 varnish',
213 silly registry.get     age: '27',
213 silly registry.get     connection: 'keep-alive',
213 silly registry.get     'x-served-by': 'cache-jfk1030-JFK',
213 silly registry.get     'x-cache': 'HIT',
213 silly registry.get     'x-cache-hits': '1',
213 silly registry.get     'x-timer': 'S1437527536.568951,VS0,VE1',
213 silly registry.get     vary: 'Accept' } ]
214 silly addNameRange number 2 { name: 'body-parser',
214 silly addNameRange   range: '>=1.13.2-0 <1.14.0-0',
214 silly addNameRange   hasData: true }
215 silly addNameRange versions [ 'body-parser',
215 silly addNameRange   [ '1.0.0',
215 silly addNameRange     '1.0.1',
215 silly addNameRange     '1.0.2',
215 silly addNameRange     '1.1.0',
215 silly addNameRange     '1.1.1',
215 silly addNameRange     '1.1.2',
215 silly addNameRange     '1.2.0',
215 silly addNameRange     '1.2.1',
215 silly addNameRange     '1.2.2',
215 silly addNameRange     '1.3.0',
215 silly addNameRange     '1.3.1',
215 silly addNameRange     '1.4.0',
215 silly addNameRange     '1.4.1',
215 silly addNameRange     '1.4.2',
215 silly addNameRange     '1.4.3',
215 silly addNameRange     '1.5.0',
215 silly addNameRange     '1.5.1',
215 silly addNameRange     '1.5.2',
215 silly addNameRange     '1.6.0',
215 silly addNameRange     '1.6.1',
215 silly addNameRange     '1.6.2',
215 silly addNameRange     '1.6.3',
215 silly addNameRange     '1.6.4',
215 silly addNameRange     '1.6.5',
215 silly addNameRange     '1.6.6',
215 silly addNameRange     '1.6.7',
215 silly addNameRange     '1.7.0',
215 silly addNameRange     '1.8.0',
215 silly addNameRange     '1.8.1',
215 silly addNameRange     '1.8.2',
215 silly addNameRange     '1.8.3',
215 silly addNameRange     '1.8.4',
215 silly addNameRange     '1.9.0',
215 silly addNameRange     '1.9.1',
215 silly addNameRange     '1.9.2',
215 silly addNameRange     '1.9.3',
215 silly addNameRange     '1.10.0',
215 silly addNameRange     '1.10.1',
215 silly addNameRange     '1.10.2',
215 silly addNameRange     '1.11.0',
215 silly addNameRange     '1.12.0',
215 silly addNameRange     '1.12.1',
215 silly addNameRange     '1.12.2',
215 silly addNameRange     '1.12.3',
215 silly addNameRange     '1.12.4',
215 silly addNameRange     '1.13.0',
215 silly addNameRange     '1.13.1',
215 silly addNameRange     '1.13.2' ] ]
216 verbose addNamed [ 'body-parser', '1.13.2' ]
217 verbose addNamed [ '1.13.2', '1.13.2' ]
218 silly lockFile 958b9a66-body-parser-1-13-2 body-parser@1.13.2
219 verbose lock body-parser@1.13.2 /Users/neilbedi/.npm/958b9a66-body-parser-1-13-2.lock
220 silly lockFile 55b9f62e-dy-parser-body-parser-1-13-2-tgz https://registry.npmjs.org/body-parser/-/body-parser-1.13.2.tgz
221 verbose lock https://registry.npmjs.org/body-parser/-/body-parser-1.13.2.tgz /Users/neilbedi/.npm/55b9f62e-dy-parser-body-parser-1-13-2-tgz.lock
222 verbose addRemoteTarball [ 'https://registry.npmjs.org/body-parser/-/body-parser-1.13.2.tgz',
222 verbose addRemoteTarball   '229262a4fd2e402dfb88d99bc27d8be31307e7e9' ]
223 silly addNameRange number 2 { name: 'jade', range: '>=1.11.0-0 <1.12.0-0', hasData: true }
224 silly addNameRange versions [ 'jade',
224 silly addNameRange   [ '0.0.1',
224 silly addNameRange     '0.0.2',
224 silly addNameRange     '0.1.0',
224 silly addNameRange     '0.2.0',
224 silly addNameRange     '0.2.1',
224 silly addNameRange     '0.2.2',
224 silly addNameRange     '0.2.3',
224 silly addNameRange     '0.2.4',
224 silly addNameRange     '0.3.0',
224 silly addNameRange     '0.4.0',
224 silly addNameRange     '0.4.1',
224 silly addNameRange     '0.5.0',
224 silly addNameRange     '0.5.1',
224 silly addNameRange     '0.5.2',
224 silly addNameRange     '0.5.3',
224 silly addNameRange     '0.5.4',
224 silly addNameRange     '0.5.5',
224 silly addNameRange     '0.5.6',
224 silly addNameRange     '0.5.7',
224 silly addNameRange     '0.6.0',
224 silly addNameRange     '0.6.1',
224 silly addNameRange     '0.6.3',
224 silly addNameRange     '0.7.0',
224 silly addNameRange     '0.7.1',
224 silly addNameRange     '0.8.0',
224 silly addNameRange     '0.8.1',
224 silly addNameRange     '0.8.2',
224 silly addNameRange     '0.8.3',
224 silly addNameRange     '0.8.4',
224 silly addNameRange     '0.8.5',
224 silly addNameRange     '0.8.6',
224 silly addNameRange     '0.8.7',
224 silly addNameRange     '0.8.8',
224 silly addNameRange     '0.8.9',
224 silly addNameRange     '0.9.0',
224 silly addNameRange     '0.9.1',
224 silly addNameRange     '0.9.2',
224 silly addNameRange     '0.9.3',
224 silly addNameRange     '0.10.0',
224 silly addNameRange     '0.10.1',
224 silly addNameRange     '0.10.2',
224 silly addNameRange     '0.10.3',
224 silly addNameRange     '0.10.4',
224 silly addNameRange     '0.10.5',
224 silly addNameRange     '0.10.6',
224 silly addNameRange     '0.10.7',
224 silly addNameRange     '0.11.0',
224 silly addNameRange     '0.11.1',
224 silly addNameRange     '0.12.0',
224 silly addNameRange     '0.12.1',
224 silly addNameRange     '0.12.2',
224 silly addNameRange     '0.12.3',
224 silly addNameRange     '0.12.4',
224 silly addNameRange     '0.13.0',
224 silly addNameRange     '0.14.0',
224 silly addNameRange     '0.14.1',
224 silly addNameRange     '0.14.2',
224 silly addNameRange     '0.15.0',
224 silly addNameRange     '0.15.1',
224 silly addNameRange     '0.15.2',
224 silly addNameRange     '0.15.3',
224 silly addNameRange     '0.15.4',
224 silly addNameRange     '0.16.0',
224 silly addNameRange     '0.16.1',
224 silly addNameRange     '0.16.2',
224 silly addNameRange     '0.16.3',
224 silly addNameRange     '0.16.4',
224 silly addNameRange     '0.17.0',
224 silly addNameRange     '0.18.0',
224 silly addNameRange     '0.19.0',
224 silly addNameRange     '0.20.0',
224 silly addNameRange     '0.20.1',
224 silly addNameRange     '0.20.2',
224 silly addNameRange     '0.20.3',
224 silly addNameRange     '0.21.0',
224 silly addNameRange     '0.22.0',
224 silly addNameRange     '0.22.1',
224 silly addNameRange     '0.23.0',
224 silly addNameRange     '0.24.0',
224 silly addNameRange     '0.25.0',
224 silly addNameRange     '0.26.0',
224 silly addNameRange     '0.26.1',
224 silly addNameRange     '0.26.2',
224 silly addNameRange     '0.26.3',
224 silly addNameRange     '0.27.0',
224 silly addNameRange     '0.27.1',
224 silly addNameRange     '0.27.2',
224 silly addNameRange     '0.27.3',
224 silly addNameRange     '0.27.4',
224 silly addNameRange     '0.27.5',
224 silly addNameRange     '0.27.6',
224 silly addNameRange     '0.27.7',
224 silly addNameRange     '0.28.0',
224 silly addNameRange     '0.28.1',
224 silly addNameRange     '0.28.2',
224 silly addNameRange     '0.29.0',
224 silly addNameRange     '0.30.0',
224 silly addNameRange     '0.31.0',
224 silly addNameRange     '0.31.1',
224 silly addNameRange     '0.31.2',
224 silly addNameRange     '0.32.0',
224 silly addNameRange     '0.33.0',
224 silly addNameRange     '0.34.0',
224 silly addNameRange     '0.34.1',
224 silly addNameRange     '0.35.0',
224 silly addNameRange     '1.0.0',
224 silly addNameRange     '1.0.1',
224 silly addNameRange     '1.0.2',
224 silly addNameRange     '1.1.0',
224 silly addNameRange     '1.1.1',
224 silly addNameRange     '1.1.2',
224 silly addNameRange     '1.1.3',
224 silly addNameRange     '1.1.4',
224 silly addNameRange     '1.1.5',
224 silly addNameRange     '1.2.0',
224 silly addNameRange     '1.3.0',
224 silly addNameRange     '1.3.1',
224 silly addNameRange     '1.4.0',
224 silly addNameRange     '1.4.1',
224 silly addNameRange     '1.4.2',
224 silly addNameRange     '1.5.0',
224 silly addNameRange     '1.6.0',
224 silly addNameRange     '1.7.0',
224 silly addNameRange     '1.8.0',
224 silly addNameRange     '1.8.1',
224 silly addNameRange     '1.8.2',
224 silly addNameRange     '1.9.0',
224 silly addNameRange     '1.9.1',
224 silly addNameRange     '1.9.2',
224 silly addNameRange     '1.10.0',
224 silly addNameRange     '1.11.0' ] ]
225 verbose addNamed [ 'jade', '1.11.0' ]
226 verbose addNamed [ '1.11.0', '1.11.0' ]
227 silly lockFile 3da033ff-jade-1-11-0 jade@1.11.0
228 verbose lock jade@1.11.0 /Users/neilbedi/.npm/3da033ff-jade-1-11-0.lock
229 info retry fetch attempt 1 at 21:12:16
230 verbose fetch to= /var/folders/b_/25b6b0dj6zvgr8gjgmg1vc3m0000gp/T/npm-5081-Cis64sdB/registry.npmjs.org/body-parser/-/body-parser-1.13.2.tgz
231 http GET https://registry.npmjs.org/body-parser/-/body-parser-1.13.2.tgz
232 silly lockFile d7f8e295-y-npmjs-org-jade-jade-1-11-0-tgz https://registry.npmjs.org/jade/-/jade-1.11.0.tgz
233 verbose lock https://registry.npmjs.org/jade/-/jade-1.11.0.tgz /Users/neilbedi/.npm/d7f8e295-y-npmjs-org-jade-jade-1-11-0-tgz.lock
234 verbose addRemoteTarball [ 'https://registry.npmjs.org/jade/-/jade-1.11.0.tgz',
234 verbose addRemoteTarball   '9c80e538c12d3fb95c8d9bb9559fa0cc040405fd' ]
235 info retry fetch attempt 1 at 21:12:16
236 verbose fetch to= /var/folders/b_/25b6b0dj6zvgr8gjgmg1vc3m0000gp/T/npm-5081-Cis64sdB/registry.npmjs.org/jade/-/jade-1.11.0.tgz
237 http GET https://registry.npmjs.org/jade/-/jade-1.11.0.tgz
238 http 200 https://registry.npmjs.org/serve-favicon/-/serve-favicon-2.3.0.tgz
239 silly lockFile 9e8d5f8a--favicon-serve-favicon-2-3-0-tgz https://registry.npmjs.org/serve-favicon/-/serve-favicon-2.3.0.tgz
240 silly lockFile 9e8d5f8a--favicon-serve-favicon-2-3-0-tgz https://registry.npmjs.org/serve-favicon/-/serve-favicon-2.3.0.tgz
241 silly lockFile d210d889-serve-favicon-2-3-0 serve-favicon@2.3.0
242 silly lockFile d210d889-serve-favicon-2-3-0 serve-favicon@2.3.0
243 silly lockFile 6f0b849e-serve-favicon-2-3-0 serve-favicon@~2.3.0
244 silly lockFile 6f0b849e-serve-favicon-2-3-0 serve-favicon@~2.3.0
245 http 200 https://registry.npmjs.org/cookie-parser/-/cookie-parser-1.3.5.tgz
246 silly lockFile 4c901309-e-parser-cookie-parser-1-3-5-tgz https://registry.npmjs.org/cookie-parser/-/cookie-parser-1.3.5.tgz
247 silly lockFile 4c901309-e-parser-cookie-parser-1-3-5-tgz https://registry.npmjs.org/cookie-parser/-/cookie-parser-1.3.5.tgz
248 silly lockFile b6f1abc3-cookie-parser-1-3-5 cookie-parser@1.3.5
249 silly lockFile b6f1abc3-cookie-parser-1-3-5 cookie-parser@1.3.5
250 silly lockFile 34d2ac1d-cookie-parser-1-3-5 cookie-parser@~1.3.5
251 silly lockFile 34d2ac1d-cookie-parser-1-3-5 cookie-parser@~1.3.5
252 http 200 https://registry.npmjs.org/morgan/-/morgan-1.6.1.tgz
253 silly lockFile 0ef8c228-pmjs-org-morgan-morgan-1-6-1-tgz https://registry.npmjs.org/morgan/-/morgan-1.6.1.tgz
254 silly lockFile 0ef8c228-pmjs-org-morgan-morgan-1-6-1-tgz https://registry.npmjs.org/morgan/-/morgan-1.6.1.tgz
255 silly lockFile 4ffca82c-morgan-1-6-1 morgan@1.6.1
256 silly lockFile 4ffca82c-morgan-1-6-1 morgan@1.6.1
257 silly lockFile 2ae14c84-morgan-1-6-1 morgan@~1.6.1
258 silly lockFile 2ae14c84-morgan-1-6-1 morgan@~1.6.1
259 http 200 https://registry.npmjs.org/body-parser/-/body-parser-1.13.2.tgz
260 silly lockFile 55b9f62e-dy-parser-body-parser-1-13-2-tgz https://registry.npmjs.org/body-parser/-/body-parser-1.13.2.tgz
261 silly lockFile 55b9f62e-dy-parser-body-parser-1-13-2-tgz https://registry.npmjs.org/body-parser/-/body-parser-1.13.2.tgz
262 silly lockFile 958b9a66-body-parser-1-13-2 body-parser@1.13.2
263 silly lockFile 958b9a66-body-parser-1-13-2 body-parser@1.13.2
264 silly lockFile 084551bf-body-parser-1-13-2 body-parser@~1.13.2
265 silly lockFile 084551bf-body-parser-1-13-2 body-parser@~1.13.2
266 http 200 https://registry.npmjs.org/jade/-/jade-1.11.0.tgz
267 silly lockFile d7f8e295-y-npmjs-org-jade-jade-1-11-0-tgz https://registry.npmjs.org/jade/-/jade-1.11.0.tgz
268 silly lockFile d7f8e295-y-npmjs-org-jade-jade-1-11-0-tgz https://registry.npmjs.org/jade/-/jade-1.11.0.tgz
269 silly lockFile 3da033ff-jade-1-11-0 jade@1.11.0
270 silly lockFile 3da033ff-jade-1-11-0 jade@1.11.0
271 silly lockFile 963bf43e-jade-1-11-0 jade@~1.11.0
272 silly lockFile 963bf43e-jade-1-11-0 jade@~1.11.0
273 error Error: EACCES, mkdir '/Users/neilbedi/.npm/jade/1.11.0'
273 error  { [Error: EACCES, mkdir '/Users/neilbedi/.npm/jade/1.11.0']
273 error   errno: 3,
273 error   code: 'EACCES',
273 error   path: '/Users/neilbedi/.npm/jade/1.11.0',
273 error   parent: 'lyst' }
274 error Please try running this command again as root/Administrator.
275 error System Darwin 14.0.0
276 error command "node" "/usr/local/bin/npm" "install"
277 error cwd /Users/neilbedi/Dev/lyst/lyst
278 error node -v v0.10.35
279 error npm -v 1.4.28
280 error path /Users/neilbedi/.npm/jade/1.11.0
281 error code EACCES
282 error errno 3
283 error stack Error: EACCES, mkdir '/Users/neilbedi/.npm/jade/1.11.0'
284 verbose exit [ 3, true ]
